<?xml version="1.0" encoding="UTF-8"?>
<testng-results ignored="0" total="1" passed="1" failed="0" skipped="0">
  <reporter-output>
  </reporter-output>
  <suite started-at="2024-01-08T22:39:01 CET" name="Surefire suite" finished-at="2024-01-08T22:39:01 CET" duration-ms="621">
    <groups>
      <group name="cucumber">
        <method signature="AbstractTestNGCucumberTests.runScenario(io.cucumber.testng.PickleWrapper,io.cucumber.testng.FeatureWrapper)[pri:0, instance:Runner.CucumberRunnerTest@44ebcd03]" name="runScenario" class="io.cucumber.testng.AbstractTestNGCucumberTests"/>
      </group> <!-- cucumber -->
    </groups>
    <test started-at="2024-01-08T22:39:01 CET" name="Surefire test" finished-at="2024-01-08T22:39:01 CET" duration-ms="621">
      <class name="Runner.CucumberRunnerTest">
        <test-method is-config="true" signature="setUpClass(org.testng.ITestContext)[pri:0, instance:Runner.CucumberRunnerTest@44ebcd03]" started-at="2024-01-08T22:39:01 CET" name="setUpClass" finished-at="2024-01-08T22:39:01 CET" duration-ms="447" status="PASS">
          <params>
            <param index="0">
              <value>
                <![CDATA[org.testng.TestRunner@5aabbb29]]>
              </value>
            </param>
          </params>
          <reporter-output>
          </reporter-output>
        </test-method> <!-- setUpClass -->
        <test-method signature="runScenario(io.cucumber.testng.PickleWrapper,io.cucumber.testng.FeatureWrapper)[pri:0, instance:Runner.CucumberRunnerTest@44ebcd03]" started-at="2024-01-08T22:39:01 CET" name="runScenario" description="Runs Cucumber Scenarios" data-provider="scenarios" finished-at="2024-01-08T22:39:01 CET" duration-ms="108" status="PASS">
          <params>
            <param index="0">
              <value>
                <![CDATA["Uruchom page"]]>
              </value>
            </param>
            <param index="1">
              <value>
                <![CDATA["Pierwszy Cucumber Test"]]>
              </value>
            </param>
          </params>
          <reporter-output>
          </reporter-output>
        </test-method> <!-- runScenario -->
        <test-method is-config="true" signature="tearDownClass()[pri:0, instance:Runner.CucumberRunnerTest@44ebcd03]" started-at="2024-01-08T22:39:01 CET" name="tearDownClass" finished-at="2024-01-08T22:39:01 CET" duration-ms="32" status="PASS">
          <reporter-output>
          </reporter-output>
        </test-method> <!-- tearDownClass -->
      </class> <!-- Runner.CucumberRunnerTest -->
    </test> <!-- Surefire test -->
  </suite> <!-- Surefire suite -->
</testng-results>
