<?xml version="1.0" encoding="UTF-8"?>
<testsuite xmlns:xsi="http://www.w3.org/2001/XMLSchema-instance" xsi:noNamespaceSchemaLocation="https://maven.apache.org/surefire/maven-surefire-plugin/xsd/surefire-test-report-3.0.xsd" version="3.0" name="Runner.CucumberRunnerTest" time="1.019" tests="1" errors="0" skipped="0" failures="0">
  <properties>
[...]
</properties>
  <testcase name="runScenario[&quot;Uruchom page&quot;, &quot;Pierwszy Cucumber Test&quot;](1)" classname="Runner.CucumberRunnerTest" time="0.112">
    <system-out><![CDATA[
@tagnazwa
Scenario: Uruchom page           # src/test/resources/Features/UruchomPage.feature:4
Step-1
  Given Podaj nazwe przegladarki # StepDefinitions.UruchomPage.podaj_nazwe_przegladarki()
Step-2
  And Uruchamiam przegladarke    # StepDefinitions.UruchomPage.uruchamiam_przegladarke()
Step-3
  When Wpisuje adres www         # StepDefinitions.UruchomPage.wpisuje_adres_www()
Step-4
  And Wchodze na wpisany adres   # StepDefinitions.UruchomPage.wchodze_na_wpisany_adres()
Step-5
  Then Strona sie uruchamia      # StepDefinitions.UruchomPage.strona_sie_uruchamia()
]]></system-out>
    <system-err><![CDATA[SLF4J: Failed to load class "org.slf4j.impl.StaticLoggerBinder".
SLF4J: Defaulting to no-operation (NOP) logger implementation
SLF4J: See http://www.slf4j.org/codes.html#StaticLoggerBinder for further details.
]]></system-err>
  </testcase>
</testsuite>